[0m02:49:25.852489 [debug] [MainThread]: Sending event: {'category': 'dbt', 'action': 'invocation', 'label': 'start', 'context': [<snowplow_tracker.self_describing_json.SelfDescribingJson object at 0x000002035D1E6570>, <snowplow_tracker.self_describing_json.SelfDescribingJson object at 0x000002035FFA5190>, <snowplow_tracker.self_describing_json.SelfDescribingJson object at 0x000002035FFA7E00>]}


============================== 02:49:25.916097 | 87346bd1-d84b-4bea-be04-335cf5b00e13 ==============================
[0m02:49:25.916097 [info ] [MainThread]: Running with dbt=1.11.11
[0m02:49:25.917309 [debug] [MainThread]: running dbt with arguments {'version_check': 'True', 'no_print': 'None', 'static_parser': 'True', 'warn_error_options': 'WarnErrorOptionsV2(error=[], warn=[], silence=[])', 'target_path': 'None', 'printer_width': '80', 'write_json': 'True', 'introspect': 'True', 'log_cache_events': 'False', 'empty': 'None', 'cache_selected_only': 'False', 'log_format': 'default', 'debug': 'False', 'fail_fast': 'False', 'profiles_dir': 'C:\\Users\\Saidkhon\\.dbt', 'send_anonymous_usage_stats': 'True', 'quiet': 'False', 'warn_error': 'None', 'partial_parse': 'True', 'indirect_selection': 'eager', 'use_colors': 'True', 'invocation_command': 'dbt init dbt_practice', 'use_experimental_parser': 'False', 'log_path': 'logs'}
[0m02:49:26.016746 [info ] [MainThread]: Creating dbt configuration folder at C:\Users\Saidkhon\.dbt
[0m02:49:26.020546 [debug] [MainThread]: Starter project path: C:\Users\Saidkhon\Desktop\Codes\dbt_practice\.venv\Lib\site-packages\dbt\include\starter_project
[0m02:49:26.029658 [info ] [MainThread]: 
Your new dbt project "dbt_practice" was created!

For more information on how to configure the profiles.yml file,
please consult the dbt documentation here:

  https://docs.getdbt.com/docs/configure-your-profile

One more thing:

Need help? Don't hesitate to reach out to us via GitHub issues or on Slack:

  https://community.getdbt.com/

Happy modeling!

[0m02:49:26.029658 [info ] [MainThread]: Setting up your profile.
[0m02:52:16.171869 [info ] [MainThread]: Profile dbt_practice written to C:\Users\Saidkhon\.dbt\profiles.yml using target's profile_template.yml and your supplied values. Run 'dbt debug' to validate the connection.
[0m02:52:16.173869 [debug] [MainThread]: Command `dbt init` succeeded at 02:52:16.172870 after 170.52 seconds
[0m02:52:16.173869 [debug] [MainThread]: Sending event: {'category': 'dbt', 'action': 'invocation', 'label': 'end', 'context': [<snowplow_tracker.self_describing_json.SelfDescribingJson object at 0x000002035F7E6900>, <snowplow_tracker.self_describing_json.SelfDescribingJson object at 0x00000203612DA5D0>, <snowplow_tracker.self_describing_json.SelfDescribingJson object at 0x0000020361655130>]}
[0m02:52:16.174869 [debug] [MainThread]: Flushing usage events
[0m02:52:17.521322 [debug] [MainThread]: An error was encountered while trying to flush usage events
[0m16:21:22.299100 [debug] [MainThread]: Sending event: {'category': 'dbt', 'action': 'invocation', 'label': 'start', 'context': [<snowplow_tracker.self_describing_json.SelfDescribingJson object at 0x0000026E4B28B530>, <snowplow_tracker.self_describing_json.SelfDescribingJson object at 0x0000026E47EB9B80>, <snowplow_tracker.self_describing_json.SelfDescribingJson object at 0x0000026E4B97C170>]}


============================== 16:21:22.307133 | 1b8f5f62-984b-4c09-993c-d3415c30db12 ==============================
[0m16:21:22.307133 [info ] [MainThread]: Running with dbt=1.11.11
[0m16:21:22.308129 [debug] [MainThread]: running dbt with arguments {'static_parser': 'True', 'no_print': 'None', 'version_check': 'True', 'warn_error_options': 'WarnErrorOptionsV2(error=[], warn=[], silence=[])', 'target_path': 'None', 'printer_width': '80', 'write_json': 'True', 'introspect': 'True', 'log_cache_events': 'False', 'empty': 'False', 'cache_selected_only': 'False', 'fail_fast': 'False', 'debug': 'False', 'log_format': 'default', 'partial_parse': 'True', 'send_anonymous_usage_stats': 'True', 'quiet': 'False', 'warn_error': 'None', 'profiles_dir': 'C:\\Users\\Saidkhon\\.dbt', 'use_colors': 'True', 'invocation_command': 'dbt run', 'indirect_selection': 'eager', 'use_experimental_parser': 'False', 'log_path': 'logs'}
[0m16:21:22.309126 [error] [MainThread]: Encountered an error:
Runtime Error
  No dbt_project.yml found at expected path C:\Users\Saidkhon\Desktop\Codes\dbt_practice\dbt_project.yml
  Verify that each entry within packages.yml (and their transitive dependencies) contains a file named dbt_project.yml
  
[0m16:21:22.310293 [debug] [MainThread]: Command `dbt run` failed at 16:21:22.310293 after 0.25 seconds
[0m16:21:22.311293 [debug] [MainThread]: Sending event: {'category': 'dbt', 'action': 'invocation', 'label': 'end', 'context': [<snowplow_tracker.self_describing_json.SelfDescribingJson object at 0x0000026E4D104C20>, <snowplow_tracker.self_describing_json.SelfDescribingJson object at 0x0000026E4B97C170>, <snowplow_tracker.self_describing_json.SelfDescribingJson object at 0x0000026E4B265910>]}
[0m16:21:22.311293 [debug] [MainThread]: Flushing usage events
[0m16:21:23.842811 [debug] [MainThread]: An error was encountered while trying to flush usage events
[0m16:25:50.204023 [debug] [MainThread]: Sending event: {'category': 'dbt', 'action': 'invocation', 'label': 'start', 'context': [<snowplow_tracker.self_describing_json.SelfDescribingJson object at 0x0000021CAD551670>, <snowplow_tracker.self_describing_json.SelfDescribingJson object at 0x0000021CADE141A0>, <snowplow_tracker.self_describing_json.SelfDescribingJson object at 0x0000021CADD63B30>]}


============================== 16:25:50.210735 | 5864b25a-791d-4231-8786-2891ce441638 ==============================
[0m16:25:50.210735 [info ] [MainThread]: Running with dbt=1.11.11
[0m16:25:50.212221 [debug] [MainThread]: running dbt with arguments {'static_parser': 'True', 'no_print': 'None', 'version_check': 'True', 'target_path': 'None', 'warn_error_options': 'WarnErrorOptionsV2(error=[], warn=[], silence=[])', 'printer_width': '80', 'write_json': 'True', 'introspect': 'True', 'log_cache_events': 'False', 'empty': 'None', 'cache_selected_only': 'False', 'fail_fast': 'False', 'debug': 'False', 'log_format': 'default', 'profiles_dir': 'C:\\Users\\Saidkhon\\.dbt', 'send_anonymous_usage_stats': 'True', 'quiet': 'False', 'warn_error': 'None', 'partial_parse': 'True', 'indirect_selection': 'eager', 'use_colors': 'True', 'invocation_command': 'dbt docs generate', 'use_experimental_parser': 'False', 'log_path': 'logs'}
[0m16:25:50.213528 [error] [MainThread]: Encountered an error:
Runtime Error
  No dbt_project.yml found at expected path C:\Users\Saidkhon\Desktop\Codes\dbt_practice\dbt_project.yml
  Verify that each entry within packages.yml (and their transitive dependencies) contains a file named dbt_project.yml
  
[0m16:25:50.214533 [debug] [MainThread]: Command `dbt docs generate` failed at 16:25:50.214533 after 0.30 seconds
[0m16:25:50.214533 [debug] [MainThread]: Sending event: {'category': 'dbt', 'action': 'invocation', 'label': 'end', 'context': [<snowplow_tracker.self_describing_json.SelfDescribingJson object at 0x0000021CABCC9F40>, <snowplow_tracker.self_describing_json.SelfDescribingJson object at 0x0000021CAF846390>, <snowplow_tracker.self_describing_json.SelfDescribingJson object at 0x0000021CAF8EF860>]}
[0m16:25:50.215536 [debug] [MainThread]: Flushing usage events
[0m16:25:51.819592 [debug] [MainThread]: An error was encountered while trying to flush usage events
[0m03:51:31.779669 [debug] [MainThread]: Sending event: {'category': 'dbt', 'action': 'invocation', 'label': 'start', 'context': [<snowplow_tracker.self_describing_json.SelfDescribingJson object at 0x0000029BCD97A900>, <snowplow_tracker.self_describing_json.SelfDescribingJson object at 0x0000029BCB224290>, <snowplow_tracker.self_describing_json.SelfDescribingJson object at 0x0000029BCE35B860>]}


============================== 03:51:31.790803 | 29f143af-0de2-4e15-b024-4ce1b6f33f88 ==============================
[0m03:51:31.790803 [info ] [MainThread]: Running with dbt=1.11.11
[0m03:51:31.793061 [debug] [MainThread]: running dbt with arguments {'version_check': 'True', 'no_print': 'None', 'static_parser': 'True', 'target_path': 'None', 'warn_error_options': 'WarnErrorOptionsV2(error=[], warn=[], silence=[])', 'printer_width': '80', 'write_json': 'True', 'empty': 'None', 'log_cache_events': 'False', 'introspect': 'True', 'cache_selected_only': 'False', 'log_format': 'default', 'debug': 'False', 'fail_fast': 'False', 'partial_parse': 'True', 'send_anonymous_usage_stats': 'True', 'quiet': 'False', 'warn_error': 'None', 'profiles_dir': 'C:\\Users\\Saidkhon\\.dbt', 'use_colors': 'True', 'invocation_command': 'dbt debug', 'indirect_selection': 'eager', 'use_experimental_parser': 'False', 'log_path': 'logs'}
[0m03:51:31.832844 [info ] [MainThread]: dbt version: 1.11.11
[0m03:51:31.833846 [info ] [MainThread]: python version: 3.12.6
[0m03:51:31.833846 [info ] [MainThread]: python path: C:\Users\Saidkhon\Desktop\Codes\dbt_practice\.venv\Scripts\python.exe
[0m03:51:31.833846 [info ] [MainThread]: os info: Windows-11-10.0.26200-SP0
[0m03:51:38.446740 [info ] [MainThread]: Using profiles dir at C:\Users\Saidkhon\.dbt
[0m03:51:38.448002 [info ] [MainThread]: Using profiles.yml file at C:\Users\Saidkhon\.dbt\profiles.yml
[0m03:51:38.449005 [info ] [MainThread]: Using dbt_project.yml file at C:\Users\Saidkhon\Desktop\Codes\dbt_practice\dbt_project.yml
[0m03:51:38.449005 [info ] [MainThread]: adapter type: bigquery
[0m03:51:38.449005 [info ] [MainThread]: adapter version: 1.11.1
[0m03:51:38.451432 [info ] [MainThread]: Configuration:
[0m03:51:38.451432 [info ] [MainThread]:   profiles.yml file [[32mOK found and valid[0m]
[0m03:51:38.452475 [info ] [MainThread]:   dbt_project.yml file [[31mERROR not found[0m]
[0m03:51:38.453654 [info ] [MainThread]: Required dependencies:
[0m03:51:38.455685 [debug] [MainThread]: Executing "git --help"
[0m03:51:38.534035 [debug] [MainThread]: STDOUT: "b"usage: git [-v | --version] [-h | --help] [-C <path>] [-c <name>=<value>]\n           [--exec-path[=<path>]] [--html-path] [--man-path] [--info-path]\n           [-p | --paginate | -P | --no-pager] [--no-replace-objects] [--no-lazy-fetch]\n           [--no-optional-locks] [--no-advice] [--bare] [--git-dir=<path>]\n           [--work-tree=<path>] [--namespace=<name>] [--config-env=<name>=<envvar>]\n           <command> [<args>]\n\nThese are common Git commands used in various situations:\n\nstart a working area (see also: git help tutorial)\n   clone      Clone a repository into a new directory\n   init       Create an empty Git repository or reinitialize an existing one\n\nwork on the current change (see also: git help everyday)\n   add        Add file contents to the index\n   mv         Move or rename a file, a directory, or a symlink\n   restore    Restore working tree files\n   rm         Remove files from the working tree and from the index\n\nexamine the history and state (see also: git help revisions)\n   bisect     Use binary search to find the commit that introduced a bug\n   diff       Show changes between commits, commit and working tree, etc\n   grep       Print lines matching a pattern\n   log        Show commit logs\n   show       Show various types of objects\n   status     Show the working tree status\n\ngrow, mark and tweak your common history\n   backfill   Download missing objects in a partial clone\n   branch     List, create, or delete branches\n   commit     Record changes to the repository\n   merge      Join two or more development histories together\n   rebase     Reapply commits on top of another base tip\n   reset      Set `HEAD` or the index to a known state\n   switch     Switch branches\n   tag        Create, list, delete or verify tags\n\ncollaborate (see also: git help workflows)\n   fetch      Download objects and refs from another repository\n   pull       Fetch from and integrate with another repository or a local branch\n   push       Update remote refs along with associated objects\n\n'git help -a' and 'git help -g' list available subcommands and some\nconcept guides. See 'git help <command>' or 'git help <concept>'\nto read about a specific subcommand or concept.\nSee 'git help git' for an overview of the system.\n""
[0m03:51:38.535056 [debug] [MainThread]: STDERR: "b''"
[0m03:51:38.536478 [info ] [MainThread]:  - git [[32mOK found[0m]

[0m03:51:38.537492 [info ] [MainThread]: Connection:
[0m03:51:38.538488 [info ] [MainThread]:   method: service-account
[0m03:51:38.538488 [info ] [MainThread]:   database: dbt-practice-498922
[0m03:51:38.539993 [info ] [MainThread]:   execution_project: dbt-practice-498922
[0m03:51:38.540999 [info ] [MainThread]:   schema: dbt_practice
[0m03:51:38.542018 [info ] [MainThread]:   location: None
[0m03:51:38.542525 [info ] [MainThread]:   priority: None
[0m03:51:38.542525 [info ] [MainThread]:   maximum_bytes_billed: None
[0m03:51:38.544030 [info ] [MainThread]:   impersonate_service_account: None
[0m03:51:38.544030 [info ] [MainThread]:   job_retry_deadline_seconds: None
[0m03:51:38.545051 [info ] [MainThread]:   job_retries: 1
[0m03:51:38.546048 [info ] [MainThread]:   job_creation_timeout_seconds: None
[0m03:51:38.546048 [info ] [MainThread]:   job_execution_timeout_seconds: None
[0m03:51:38.547310 [info ] [MainThread]:   timeout_seconds: None
[0m03:51:38.548313 [info ] [MainThread]:   client_id: None
[0m03:51:38.548313 [info ] [MainThread]:   token_uri: None
[0m03:51:38.548313 [info ] [MainThread]:   compute_region: None
[0m03:51:38.549817 [info ] [MainThread]:   dataproc_cluster_name: None
[0m03:51:38.549817 [info ] [MainThread]:   gcs_bucket: None
[0m03:51:38.550820 [info ] [MainThread]:   dataproc_batch: None
[0m03:51:38.550820 [info ] [MainThread]: Registered adapter: bigquery=1.11.1
[0m03:51:39.055850 [debug] [MainThread]: Acquiring new bigquery connection 'debug'
[0m03:51:39.056942 [debug] [MainThread]: On debug: select 1 as id
[0m03:51:39.057943 [debug] [MainThread]: Opening a new connection, currently in state init
[0m03:51:39.058946 [debug] [MainThread]: BigQuery adapter: Got an error when attempting to create a bigquery " "client: '[Errno 2] No such file or directory: 'C:\\Users\\Saidkhon\\.dbt\\dbt-bigquery-key.json''
[0m03:51:39.059945 [debug] [MainThread]: BigQuery adapter: Unhandled error while running:
select 1 as id
[0m03:51:39.059945 [debug] [MainThread]: BigQuery adapter: Database Error
  [Errno 2] No such file or directory: 'C:\\Users\\Saidkhon\\.dbt\\dbt-bigquery-key.json'
[0m03:51:39.060955 [info ] [MainThread]:   Connection test: [[31mERROR[0m]

[0m03:51:39.061956 [info ] [MainThread]: [31m2 checks failed:[0m
[0m03:51:39.061956 [info ] [MainThread]: Project loading failed for the following reason:
 project path <C:\Users\Saidkhon\Desktop\Codes\dbt_practice\dbt_project.yml> not found

[0m03:51:39.062953 [info ] [MainThread]: dbt was unable to connect to the specified database.
The database returned the following error:

  >'NoneType' object has no attribute 'close'

Check your database credentials and try again. For more information, visit:
https://docs.getdbt.com/docs/configure-your-profile


[0m03:51:39.064454 [debug] [MainThread]: Command `dbt debug` failed at 03:51:39.064454 after 7.68 seconds
[0m03:51:39.065460 [debug] [MainThread]: Sending event: {'category': 'dbt', 'action': 'invocation', 'label': 'end', 'context': [<snowplow_tracker.self_describing_json.SelfDescribingJson object at 0x0000029BCE35B860>, <snowplow_tracker.self_describing_json.SelfDescribingJson object at 0x0000029BFBF08410>, <snowplow_tracker.self_describing_json.SelfDescribingJson object at 0x0000029BFC664140>]}
[0m03:51:39.066680 [debug] [MainThread]: Flushing usage events
[0m03:51:40.681476 [debug] [MainThread]: An error was encountered while trying to flush usage events
